<?xml version="1.0" encoding="UTF-8"?>
<testng-results ignored="0" total="1" passed="1" failed="0" skipped="0">
  <reporter-output>
  </reporter-output>
  <suite started-at="2026-03-19T17:34:28 IST" name="Default suite" finished-at="2026-03-19T17:34:32 IST" duration-ms="3822">
    <groups>
    </groups>
    <test started-at="2026-03-19T17:34:28 IST" name="Default test" finished-at="2026-03-19T17:34:32 IST" duration-ms="3822">
      <class name="tests.GoogleTest">
        <test-method is-config="true" signature="setUp()[pri:0, instance:tests.GoogleTest@2438dcd]" started-at="2026-03-19T17:34:28 IST" name="setUp" finished-at="2026-03-19T17:34:30 IST" duration-ms="1885" status="PASS">
          <reporter-output>
          </reporter-output>
        </test-method> <!-- setUp -->
        <test-method signature="testGoogleSearch()[pri:0, instance:tests.GoogleTest@2438dcd]" started-at="2026-03-19T17:34:30 IST" name="testGoogleSearch" finished-at="2026-03-19T17:34:32 IST" duration-ms="1765" status="PASS">
          <reporter-output>
          </reporter-output>
        </test-method> <!-- testGoogleSearch -->
        <test-method is-config="true" signature="tearDown()[pri:0, instance:tests.GoogleTest@2438dcd]" started-at="2026-03-19T17:34:32 IST" name="tearDown" finished-at="2026-03-19T17:34:32 IST" duration-ms="3" status="PASS">
          <reporter-output>
          </reporter-output>
        </test-method> <!-- tearDown -->
      </class> <!-- tests.GoogleTest -->
    </test> <!-- Default test -->
  </suite> <!-- Default suite -->
</testng-results>
