<?xml version="1.0" encoding="UTF-8"?>
<testng-results ignored="0" total="1" passed="1" failed="0" skipped="0">
  <reporter-output>
  </reporter-output>
  <suite started-at="2026-03-13T18:00:38 IST" name="Default suite" finished-at="2026-03-13T18:00:43 IST" duration-ms="5584">
    <groups>
    </groups>
    <test started-at="2026-03-13T18:00:38 IST" name="Default test" finished-at="2026-03-13T18:00:43 IST" duration-ms="5584">
      <class name="tests.SauceDemoLoginTest">
        <test-method is-config="true" signature="setUp()[pri:0, instance:tests.SauceDemoLoginTest@26abb146]" started-at="2026-03-13T18:00:38 IST" name="setUp" finished-at="2026-03-13T18:00:40 IST" duration-ms="2431" status="PASS">
          <reporter-output>
          </reporter-output>
        </test-method> <!-- setUp -->
        <test-method signature="testValidLogin()[pri:0, instance:tests.SauceDemoLoginTest@26abb146]" started-at="2026-03-13T18:00:40 IST" name="testValidLogin" finished-at="2026-03-13T18:00:43 IST" duration-ms="2727" status="PASS">
          <reporter-output>
          </reporter-output>
        </test-method> <!-- testValidLogin -->
        <test-method is-config="true" signature="tearDown()[pri:0, instance:tests.SauceDemoLoginTest@26abb146]" started-at="2026-03-13T18:00:43 IST" name="tearDown" finished-at="2026-03-13T18:00:43 IST" duration-ms="331" status="PASS">
          <reporter-output>
          </reporter-output>
        </test-method> <!-- tearDown -->
      </class> <!-- tests.SauceDemoLoginTest -->
    </test> <!-- Default test -->
  </suite> <!-- Default suite -->
</testng-results>
